<?xml version="1.0" encoding="UTF-8"?>
<testsuites name="shop" time="144.626" tests="2" failures="0" errors="0">
   <testsuite name="shop" tests="2" failures="0" errors="0" time="144.626" skipped="0" timestamp="2023-03-30 19:49:00" hostname="user - DESKTOP-9ILNBPK" id="Test Suites/shop">
      <properties>
         <property name="deviceName" value="Xiaomi M2101K7BNY (Android 12)"/>
         <property name="devicePlatform" value=""/>
         <property name="logFolder" value="C:\\Users\\user\\Katalon Studio\\Automate Edu\\EduApp\\Reports\\20230330_194844\\shop\\20230330_194844"/>
         <property name="logFiles" value="C:\\Users\\user\\Katalon Studio\\Automate Edu\\EduApp\\Reports\\20230330_194844\\shop\\20230330_194844\\appium.log, C:\\Users\\user\\Katalon Studio\\Automate Edu\\EduApp\\Reports\\20230330_194844\\shop\\20230330_194844\\execution0.log"/>
         <property name="attachments" value=""/>
         <property name="hostName" value="user - DESKTOP-9ILNBPK"/>
         <property name="os" value="Windows 10 64bit"/>
         <property name="appiumServerStatus" value="{&quot;value&quot;:{&quot;build&quot;:{&quot;version&quot;:&quot;1.22.3&quot;}},&quot;sessionId&quot;:null,&quot;status&quot;:0}"/>
         <property name="katalonVersion" value="8.5.1.208"/>
         <property name="deviceOS" value="Android"/>
         <property name="appiumVersion" value="1.22.3"/>
         <property name="deviceModel" value="M2101K7BNY"/>
         <property name="hostAddress" value="192.168.1.23"/>
         <property name="deviceManufacturer" value="Xiaomi"/>
         <property name="deviceId" value="IZK7TCT8EQT87PIZ"/>
         <property name="deviceName" value="Xiaomi M2101K7BNY (Android 12)"/>
         <property name="deviceOSVersion" value="12"/>
      </properties>
      <testcase name="Test Cases/Shop/FlashSale" time="78.074" classname="Test Cases/Shop/FlashSale" status="PASSED">
         <system-out><![CDATA[2023-03-30 19:49:00 - [TEST_CASE][PASSED] - Test Cases/Shop/FlashSale: Test Cases/Shop/FlashSale

2023-03-30 19:49:01 - [TEST_STEP][PASSED] - startApplication("mobileapp\HappyDayShopping.apk", true): Started app at: 'C:\Users\user\Katalon Studio\Automate Edu\EduApp\mobileapp\HappyDayShopping.apk'

2023-03-30 19:49:02 - [MESSAGE][INFO] - Detected NodeJS location: "C:\Program Files\nodejs\node.exe"

2023-03-30 19:49:04 - [MESSAGE][INFO] - Appium server started on port 53,053

2023-03-30 19:49:37 - [MESSAGE][PASSED] - Started app at: 'C:\Users\user\Katalon Studio\Automate Edu\EduApp\mobileapp\HappyDayShopping.apk'

2023-03-30 19:49:37 - [TEST_STEP][PASSED] - delay(2, STOP_ON_FAILURE): Delayed 2 second(s)

2023-03-30 19:49:39 - [MESSAGE][PASSED] - Delayed 2 second(s)

2023-03-30 19:49:39 - [TEST_STEP][PASSED] - tap(findTestObject("Shop/FlashSale/FlashSale_Buttontap"), 0): Tapped on element 'Object Repository/Shop/FlashSale/FlashSale_Buttontap'

2023-03-30 19:49:39 - [MESSAGE][WARNING] - Timeout '0' is invalid. Using default page load timeout: '30'

2023-03-30 19:49:41 - [MESSAGE][PASSED] - Tapped on element 'Object Repository/Shop/FlashSale/FlashSale_Buttontap'

2023-03-30 19:49:41 - [TEST_STEP][PASSED] - delay(2, STOP_ON_FAILURE): Delayed 2 second(s)

2023-03-30 19:49:43 - [MESSAGE][PASSED] - Delayed 2 second(s)

2023-03-30 19:49:43 - [TEST_STEP][PASSED] - tap(findTestObject("Shop/FlashSale/Product"), 0): Tapped on element 'Object Repository/Shop/FlashSale/Product'

2023-03-30 19:49:43 - [MESSAGE][WARNING] - Timeout '0' is invalid. Using default page load timeout: '30'

2023-03-30 19:49:48 - [MESSAGE][PASSED] - Tapped on element 'Object Repository/Shop/FlashSale/Product'

2023-03-30 19:49:48 - [TEST_STEP][PASSED] - delay(2, STOP_ON_FAILURE): Delayed 2 second(s)

2023-03-30 19:49:50 - [MESSAGE][PASSED] - Delayed 2 second(s)

2023-03-30 19:49:50 - [TEST_STEP][PASSED] - tap(findTestObject("Shop/FlashSale/Text - 1"), 0): Tapped on element 'Object Repository/Shop/FlashSale/Text - 1'

2023-03-30 19:49:50 - [MESSAGE][WARNING] - Timeout '0' is invalid. Using default page load timeout: '30'

2023-03-30 19:49:51 - [MESSAGE][PASSED] - Tapped on element 'Object Repository/Shop/FlashSale/Text - 1'

2023-03-30 19:49:51 - [TEST_STEP][PASSED] - delay(2, STOP_ON_FAILURE): Delayed 2 second(s)

2023-03-30 19:49:53 - [MESSAGE][PASSED] - Delayed 2 second(s)

2023-03-30 19:49:53 - [TEST_STEP][PASSED] - setText(findTestObject("Object Repository/Shop/FlashSale/Quantity-set_5"), "5", 0): Text '5' has been set to element 'Object Repository/Shop/FlashSale/Quantity-set_5'

2023-03-30 19:49:53 - [MESSAGE][WARNING] - Timeout '0' is invalid. Using default page load timeout: '30'

2023-03-30 19:49:54 - [MESSAGE][PASSED] - Text '5' has been set to element 'Object Repository/Shop/FlashSale/Quantity-set_5'

2023-03-30 19:49:54 - [TEST_STEP][PASSED] - hideKeyboard(): Keyboard is hidden

2023-03-30 19:49:56 - [MESSAGE][PASSED] - Keyboard is hidden

2023-03-30 19:49:56 - [TEST_STEP][PASSED] - delay(2, STOP_ON_FAILURE): Delayed 2 second(s)

2023-03-30 19:49:58 - [MESSAGE][PASSED] - Delayed 2 second(s)

2023-03-30 19:49:58 - [TEST_STEP][PASSED] - tap(findTestObject("Shop/FlashSale/add"), 0): Tapped on element 'Object Repository/Shop/FlashSale/add'

2023-03-30 19:49:58 - [MESSAGE][WARNING] - Timeout '0' is invalid. Using default page load timeout: '30'

2023-03-30 19:49:59 - [MESSAGE][PASSED] - Tapped on element 'Object Repository/Shop/FlashSale/add'

2023-03-30 19:49:59 - [TEST_STEP][PASSED] - delay(2, STOP_ON_FAILURE): Delayed 2 second(s)

2023-03-30 19:50:01 - [MESSAGE][PASSED] - Delayed 2 second(s)

2023-03-30 19:50:01 - [TEST_STEP][PASSED] - tap(findTestObject("Shop/FlashSale/add"), 0): Tapped on element 'Object Repository/Shop/FlashSale/add'

2023-03-30 19:50:01 - [MESSAGE][WARNING] - Timeout '0' is invalid. Using default page load timeout: '30'

2023-03-30 19:50:01 - [MESSAGE][PASSED] - Tapped on element 'Object Repository/Shop/FlashSale/add'

2023-03-30 19:50:01 - [TEST_STEP][PASSED] - tap(findTestObject("Shop/FlashSale/yourbag_button"), 0): Tapped on element 'Object Repository/Shop/FlashSale/yourbag_button'

2023-03-30 19:50:01 - [MESSAGE][WARNING] - Timeout '0' is invalid. Using default page load timeout: '30'

2023-03-30 19:50:03 - [MESSAGE][PASSED] - Tapped on element 'Object Repository/Shop/FlashSale/yourbag_button'

2023-03-30 19:50:03 - [TEST_STEP][PASSED] - tap(findTestObject("Shop/FlashSale/checkout_button"), 0): Tapped on element 'Object Repository/Shop/FlashSale/checkout_button'

2023-03-30 19:50:03 - [MESSAGE][WARNING] - Timeout '0' is invalid. Using default page load timeout: '30'

2023-03-30 19:50:04 - [MESSAGE][PASSED] - Tapped on element 'Object Repository/Shop/FlashSale/checkout_button'

2023-03-30 19:50:04 - [TEST_STEP][PASSED] - getText(findTestObject("Shop/FlashSale/assertion-after-checkout"), 0): Text of element 'Object Repository/Shop/FlashSale/assertion-after-checkout' is: 'If you have any inquiries or updates pls whatsap us at 94617563. '

2023-03-30 19:50:04 - [MESSAGE][WARNING] - Timeout '0' is invalid. Using default page load timeout: '30'

2023-03-30 19:50:16 - [MESSAGE][PASSED] - Text of element 'Object Repository/Shop/FlashSale/assertion-after-checkout' is: 'If you have any inquiries or updates pls whatsap us at 94617563. '

2023-03-30 19:50:16 - [TEST_STEP][PASSED] - closeApplication(): Close app successfully

2023-03-30 19:50:18 - [MESSAGE][PASSED] - Close app successfully]]></system-out>
         <system-err><![CDATA[]]></system-err>
      </testcase>
      <testcase name="Test Cases/Shop/FlashSale" time="65.761" classname="Test Cases/Shop/FlashSale" status="PASSED">
         <system-out><![CDATA[2023-03-30 19:50:18 - [TEST_CASE][PASSED] - Test Cases/Shop/FlashSale: Test Cases/Shop/FlashSale

2023-03-30 19:50:18 - [TEST_STEP][PASSED] - startApplication("mobileapp\HappyDayShopping.apk", true): Started app at: 'C:\Users\user\Katalon Studio\Automate Edu\EduApp\mobileapp\HappyDayShopping.apk'

2023-03-30 19:50:19 - [MESSAGE][INFO] - Detected NodeJS location: "C:\Program Files\nodejs\node.exe"

2023-03-30 19:50:20 - [MESSAGE][INFO] - Appium server started on port 53,236

2023-03-30 19:50:49 - [MESSAGE][PASSED] - Started app at: 'C:\Users\user\Katalon Studio\Automate Edu\EduApp\mobileapp\HappyDayShopping.apk'

2023-03-30 19:50:49 - [TEST_STEP][PASSED] - delay(2, STOP_ON_FAILURE): Delayed 2 second(s)

2023-03-30 19:50:51 - [MESSAGE][PASSED] - Delayed 2 second(s)

2023-03-30 19:50:51 - [TEST_STEP][PASSED] - tap(findTestObject("Shop/FlashSale/FlashSale_Buttontap"), 0): Tapped on element 'Object Repository/Shop/FlashSale/FlashSale_Buttontap'

2023-03-30 19:50:51 - [MESSAGE][WARNING] - Timeout '0' is invalid. Using default page load timeout: '30'

2023-03-30 19:50:52 - [MESSAGE][PASSED] - Tapped on element 'Object Repository/Shop/FlashSale/FlashSale_Buttontap'

2023-03-30 19:50:52 - [TEST_STEP][PASSED] - delay(2, STOP_ON_FAILURE): Delayed 2 second(s)

2023-03-30 19:50:54 - [MESSAGE][PASSED] - Delayed 2 second(s)

2023-03-30 19:50:54 - [TEST_STEP][PASSED] - tap(findTestObject("Shop/FlashSale/Product"), 0): Tapped on element 'Object Repository/Shop/FlashSale/Product'

2023-03-30 19:50:54 - [MESSAGE][WARNING] - Timeout '0' is invalid. Using default page load timeout: '30'

2023-03-30 19:50:56 - [MESSAGE][PASSED] - Tapped on element 'Object Repository/Shop/FlashSale/Product'

2023-03-30 19:50:56 - [TEST_STEP][PASSED] - delay(2, STOP_ON_FAILURE): Delayed 2 second(s)

2023-03-30 19:50:58 - [MESSAGE][PASSED] - Delayed 2 second(s)

2023-03-30 19:50:58 - [TEST_STEP][PASSED] - tap(findTestObject("Shop/FlashSale/Text - 1"), 0): Tapped on element 'Object Repository/Shop/FlashSale/Text - 1'

2023-03-30 19:50:58 - [MESSAGE][WARNING] - Timeout '0' is invalid. Using default page load timeout: '30'

2023-03-30 19:50:59 - [MESSAGE][PASSED] - Tapped on element 'Object Repository/Shop/FlashSale/Text - 1'

2023-03-30 19:50:59 - [TEST_STEP][PASSED] - delay(2, STOP_ON_FAILURE): Delayed 2 second(s)

2023-03-30 19:51:01 - [MESSAGE][PASSED] - Delayed 2 second(s)

2023-03-30 19:51:01 - [TEST_STEP][PASSED] - setText(findTestObject("Object Repository/Shop/FlashSale/Quantity-set_5"), "5", 0): Text '5' has been set to element 'Object Repository/Shop/FlashSale/Quantity-set_5'

2023-03-30 19:51:01 - [MESSAGE][WARNING] - Timeout '0' is invalid. Using default page load timeout: '30'

2023-03-30 19:51:02 - [MESSAGE][PASSED] - Text '5' has been set to element 'Object Repository/Shop/FlashSale/Quantity-set_5'

2023-03-30 19:51:02 - [TEST_STEP][PASSED] - hideKeyboard(): Keyboard is hidden

2023-03-30 19:51:04 - [MESSAGE][PASSED] - Keyboard is hidden

2023-03-30 19:51:04 - [TEST_STEP][PASSED] - delay(2, STOP_ON_FAILURE): Delayed 2 second(s)

2023-03-30 19:51:06 - [MESSAGE][PASSED] - Delayed 2 second(s)

2023-03-30 19:51:06 - [TEST_STEP][PASSED] - tap(findTestObject("Shop/FlashSale/add"), 0): Tapped on element 'Object Repository/Shop/FlashSale/add'

2023-03-30 19:51:06 - [MESSAGE][WARNING] - Timeout '0' is invalid. Using default page load timeout: '30'

2023-03-30 19:51:07 - [MESSAGE][PASSED] - Tapped on element 'Object Repository/Shop/FlashSale/add'

2023-03-30 19:51:07 - [TEST_STEP][PASSED] - delay(2, STOP_ON_FAILURE): Delayed 2 second(s)

2023-03-30 19:51:09 - [MESSAGE][PASSED] - Delayed 2 second(s)

2023-03-30 19:51:09 - [TEST_STEP][PASSED] - tap(findTestObject("Shop/FlashSale/add"), 0): Tapped on element 'Object Repository/Shop/FlashSale/add'

2023-03-30 19:51:09 - [MESSAGE][WARNING] - Timeout '0' is invalid. Using default page load timeout: '30'

2023-03-30 19:51:09 - [MESSAGE][PASSED] - Tapped on element 'Object Repository/Shop/FlashSale/add'

2023-03-30 19:51:09 - [TEST_STEP][PASSED] - tap(findTestObject("Shop/FlashSale/yourbag_button"), 0): Tapped on element 'Object Repository/Shop/FlashSale/yourbag_button'

2023-03-30 19:51:09 - [MESSAGE][WARNING] - Timeout '0' is invalid. Using default page load timeout: '30'

2023-03-30 19:51:11 - [MESSAGE][PASSED] - Tapped on element 'Object Repository/Shop/FlashSale/yourbag_button'

2023-03-30 19:51:11 - [TEST_STEP][PASSED] - tap(findTestObject("Shop/FlashSale/checkout_button"), 0): Tapped on element 'Object Repository/Shop/FlashSale/checkout_button'

2023-03-30 19:51:11 - [MESSAGE][WARNING] - Timeout '0' is invalid. Using default page load timeout: '30'

2023-03-30 19:51:12 - [MESSAGE][PASSED] - Tapped on element 'Object Repository/Shop/FlashSale/checkout_button'

2023-03-30 19:51:12 - [TEST_STEP][PASSED] - getText(findTestObject("Shop/FlashSale/assertion-after-checkout"), 0): Text of element 'Object Repository/Shop/FlashSale/assertion-after-checkout' is: 'If you have any inquiries or updates pls whatsap us at 94617563. '

2023-03-30 19:51:12 - [MESSAGE][WARNING] - Timeout '0' is invalid. Using default page load timeout: '30'

2023-03-30 19:51:22 - [MESSAGE][PASSED] - Text of element 'Object Repository/Shop/FlashSale/assertion-after-checkout' is: 'If you have any inquiries or updates pls whatsap us at 94617563. '

2023-03-30 19:51:22 - [TEST_STEP][PASSED] - closeApplication(): Close app successfully

2023-03-30 19:51:24 - [MESSAGE][PASSED] - Close app successfully]]></system-out>
         <system-err><![CDATA[]]></system-err>
      </testcase>
      <system-out><![CDATA[2023-03-30 19:49:00 - [TEST_SUITE][PASSED] - shop: Test Cases/Shop/FlashSale]]></system-out>
      <system-err><![CDATA[]]></system-err>
   </testsuite>
</testsuites>
